[2025-12-13 17:40:23] [INFO ] TC01_RegisterTest - Before Suite executed
[2025-12-13 17:40:23] [INFO ] TestListener - >>> START TEST SUITE: Register Test
[2025-12-13 17:40:24] [INFO ] TC02_LoginTest - Before class executed
[2025-12-13 17:40:28] [INFO ] TC02_LoginTest - Before Method executed
[2025-12-13 17:40:28] [INFO ] TestListener - ===== START TEST: testValidLogin =====
[2025-12-13 17:40:30] [INFO ] TopBarNavigation - click: By.xpath: //h3[text()='Đăng Nhập']
[2025-12-13 17:40:30] [INFO ] TopBarNavigation - waitForElementToBeClickable: By.xpath: //h3[text()='Đăng Nhập']
[2025-12-13 17:40:31] [INFO ] LoginPage - enterAccount: Testaefad88de3ff4ca2b9d3679f1199415c
[2025-12-13 17:40:31] [INFO ] LoginPage - sendKeys: By.id: taiKhoan with Testaefad88de3ff4ca2b9d3679f1199415c
[2025-12-13 17:40:31] [INFO ] LoginPage - waitForVisibilityOfElementLocated: By.id: taiKhoan
[2025-12-13 17:40:31] [INFO ] LoginPage - enterPassword: Test123456@
[2025-12-13 17:40:31] [INFO ] LoginPage - sendKeys: By.id: matKhau with Test123456@
[2025-12-13 17:40:31] [INFO ] LoginPage - waitForVisibilityOfElementLocated: By.id: matKhau
[2025-12-13 17:40:32] [INFO ] LoginPage - clickLogin
[2025-12-13 17:40:32] [INFO ] LoginPage - click: By.xpath: //button[.='Đăng nhập']
[2025-12-13 17:40:32] [INFO ] LoginPage - waitForElementToBeClickable: By.xpath: //button[.='Đăng nhập']
[2025-12-13 17:40:32] [INFO ] LoginPage - getMessage
[2025-12-13 17:40:32] [INFO ] LoginPage - getText: By.id: swal2-title
[2025-12-13 17:40:32] [INFO ] LoginPage - waitForVisibilityOfElementLocated: By.id: swal2-title
[2025-12-13 17:40:33] [INFO ] HomePage - getText: By.xpath: //a[@href='/account']/h3
[2025-12-13 17:40:33] [INFO ] HomePage - waitForVisibilityOfElementLocated: By.xpath: //a[@href='/account']/h3
[2025-12-13 17:40:33] [INFO ] TestListener - ===== PASSED TEST: testValidLogin =====
[2025-12-13 17:40:33] [INFO ] TC02_LoginTest - After Method executed
[2025-12-13 17:40:33] [INFO ] TC02_LoginTest - After class executed
[2025-12-13 17:40:34] [INFO ] TestListener - >>> FINISH TEST SUITE: Register Test
[2025-12-13 17:40:37] [INFO ] TC01_RegisterTest - Test Suite completed
[2025-12-13 18:18:59] [INFO ] TC01_RegisterTest - Before Suite executed
[2025-12-13 18:19:00] [INFO ] TestListener - >>> START TEST SUITE: Register Test
[2025-12-13 18:19:00] [INFO ] TC02_LoginTest - Before class executed
[2025-12-13 18:19:02] [INFO ] TC02_LoginTest - Before Method executed
[2025-12-13 18:19:02] [INFO ] TestListener - ===== START TEST: testValidLogin =====
[2025-12-13 18:19:37] [INFO ] TopBarNavigation - click: By.xpath: //h3[text()='Đăng Nhập']
[2025-12-13 18:19:37] [INFO ] TopBarNavigation - waitForElementToBeClickable: By.xpath: //h3[text()='Đăng Nhập']
[2025-12-13 18:19:37] [INFO ] LoginPage - enterAccount: kimhue@gmail.com
[2025-12-13 18:19:37] [INFO ] LoginPage - sendKeys: By.id: taiKhoan with kimhue@gmail.com
[2025-12-13 18:19:37] [INFO ] LoginPage - waitForVisibilityOfElementLocated: By.id: taiKhoan
[2025-12-13 18:19:37] [INFO ] LoginPage - enterPassword: 123456
[2025-12-13 18:19:37] [INFO ] LoginPage - sendKeys: By.id: matKhau with 123456
[2025-12-13 18:19:37] [INFO ] LoginPage - waitForVisibilityOfElementLocated: By.id: matKhau
[2025-12-13 18:19:37] [INFO ] LoginPage - clickLogin
[2025-12-13 18:19:37] [INFO ] LoginPage - click: By.xpath: //button[.='Đăng nhập']
[2025-12-13 18:19:37] [INFO ] LoginPage - waitForElementToBeClickable: By.xpath: //button[.='Đăng nhập']
[2025-12-13 18:19:37] [INFO ] LoginPage - getMessage
[2025-12-13 18:19:37] [INFO ] LoginPage - getText: By.id: swal2-title
[2025-12-13 18:19:37] [INFO ] LoginPage - waitForVisibilityOfElementLocated: By.id: swal2-title
[2025-12-13 18:19:38] [INFO ] HomePage - getText: By.xpath: //a[@href='/account']/h3
[2025-12-13 18:19:38] [INFO ] HomePage - waitForVisibilityOfElementLocated: By.xpath: //a[@href='/account']/h3
[2025-12-13 18:19:38] [INFO ] TestListener - ===== PASSED TEST: testValidLogin =====
[2025-12-13 18:19:38] [INFO ] TC02_LoginTest - After Method executed
[2025-12-13 18:19:38] [INFO ] TC02_LoginTest - After class executed
[2025-12-13 18:19:39] [INFO ] TestListener - >>> FINISH TEST SUITE: Register Test
[2025-12-13 18:19:39] [INFO ] TC01_RegisterTest - Test Suite completed
[2025-12-13 18:20:00] [INFO ] TC01_RegisterTest - Before Suite executed
[2025-12-13 18:20:01] [INFO ] TestListener - >>> START TEST SUITE: Register Test
[2025-12-13 18:20:01] [INFO ] TC02_LoginTest - Before class executed
[2025-12-13 18:20:03] [INFO ] TC02_LoginTest - Before Method executed
[2025-12-13 18:20:03] [INFO ] TestListener - ===== START TEST: testValidLogin =====
[2025-12-13 18:20:05] [INFO ] TopBarNavigation - click: By.xpath: //h3[text()='Đăng Nhập']
[2025-12-13 18:20:05] [INFO ] TopBarNavigation - waitForElementToBeClickable: By.xpath: //h3[text()='Đăng Nhập']
[2025-12-13 18:20:05] [INFO ] LoginPage - enterAccount: kimhue@gmail.com
[2025-12-13 18:20:05] [INFO ] LoginPage - sendKeys: By.id: taiKhoan with kimhue@gmail.com
[2025-12-13 18:20:05] [INFO ] LoginPage - waitForVisibilityOfElementLocated: By.id: taiKhoan
[2025-12-13 18:20:05] [INFO ] LoginPage - enterPassword: 123456
[2025-12-13 18:20:05] [INFO ] LoginPage - sendKeys: By.id: matKhau with 123456
[2025-12-13 18:20:05] [INFO ] LoginPage - waitForVisibilityOfElementLocated: By.id: matKhau
[2025-12-13 18:20:05] [INFO ] LoginPage - clickLogin
[2025-12-13 18:20:05] [INFO ] LoginPage - click: By.xpath: //button[.='Đăng nhập']
[2025-12-13 18:20:05] [INFO ] LoginPage - waitForElementToBeClickable: By.xpath: //button[.='Đăng nhập']
[2025-12-13 18:20:06] [INFO ] LoginPage - getMessage
[2025-12-13 18:20:06] [INFO ] LoginPage - getText: By.id: swal2-title
[2025-12-13 18:20:06] [INFO ] LoginPage - waitForVisibilityOfElementLocated: By.id: swal2-title
[2025-12-13 18:20:06] [INFO ] HomePage - getText: By.xpath: //a[@href='/account']/h3
[2025-12-13 18:20:06] [INFO ] HomePage - waitForVisibilityOfElementLocated: By.xpath: //a[@href='/account']/h3
[2025-12-13 18:20:06] [INFO ] TestListener - ===== PASSED TEST: testValidLogin =====
[2025-12-13 18:20:06] [INFO ] TC02_LoginTest - After Method executed
[2025-12-13 18:20:06] [INFO ] TC02_LoginTest - After class executed
[2025-12-13 18:20:06] [INFO ] TestListener - >>> FINISH TEST SUITE: Register Test
[2025-12-13 18:20:07] [INFO ] TC01_RegisterTest - Test Suite completed
[2025-12-13 18:21:39] [INFO ] TC01_RegisterTest - Before Suite executed
[2025-12-13 18:21:39] [INFO ] TestListener - >>> START TEST SUITE: Register Test
[2025-12-13 18:21:39] [INFO ] TC02_LoginTest - Before class executed
[2025-12-13 18:21:41] [INFO ] TC02_LoginTest - Before Method executed
[2025-12-13 18:21:41] [INFO ] TestListener - ===== START TEST: testValidLogin =====
[2025-12-13 18:21:43] [INFO ] TopBarNavigation - click: By.xpath: //h3[text()='Đăng Nhập']
[2025-12-13 18:21:43] [INFO ] TopBarNavigation - waitForElementToBeClickable: By.xpath: //h3[text()='Đăng Nhập']
[2025-12-13 18:21:43] [INFO ] LoginPage - enterAccount: kimhue@gmail.com
[2025-12-13 18:21:43] [INFO ] LoginPage - sendKeys: By.id: taiKhoan with kimhue@gmail.com
[2025-12-13 18:21:43] [INFO ] LoginPage - waitForVisibilityOfElementLocated: By.id: taiKhoan
[2025-12-13 18:21:44] [INFO ] LoginPage - enterPassword: 123456
[2025-12-13 18:21:44] [INFO ] LoginPage - sendKeys: By.id: matKhau with 123456
[2025-12-13 18:21:44] [INFO ] LoginPage - waitForVisibilityOfElementLocated: By.id: matKhau
[2025-12-13 18:21:44] [INFO ] LoginPage - clickLogin
[2025-12-13 18:21:44] [INFO ] LoginPage - click: By.xpath: //button[.='Đăng nhập']
[2025-12-13 18:21:44] [INFO ] LoginPage - waitForElementToBeClickable: By.xpath: //button[.='Đăng nhập']
[2025-12-13 18:21:44] [INFO ] LoginPage - getMessage
[2025-12-13 18:21:44] [INFO ] LoginPage - getText: By.id: swal2-title
[2025-12-13 18:21:44] [INFO ] LoginPage - waitForVisibilityOfElementLocated: By.id: swal2-title
[2025-12-13 18:21:45] [INFO ] HomePage - getText: By.xpath: //a[@href='/account']/h3
[2025-12-13 18:21:45] [INFO ] HomePage - waitForVisibilityOfElementLocated: By.xpath: //a[@href='/account']/h3
[2025-12-13 18:21:45] [INFO ] TestListener - ===== PASSED TEST: testValidLogin =====
[2025-12-13 18:21:45] [INFO ] TC02_LoginTest - After Method executed
[2025-12-13 18:21:45] [INFO ] TC02_LoginTest - After class executed
[2025-12-13 18:21:45] [INFO ] TestListener - >>> FINISH TEST SUITE: Register Test
[2025-12-13 18:21:46] [INFO ] TC01_RegisterTest - Test Suite completed
[2025-12-13 18:27:18] [INFO ] TC01_RegisterTest - Before Suite executed
[2025-12-13 18:27:18] [INFO ] TestListener - >>> START TEST SUITE: Register Test
[2025-12-13 18:27:19] [INFO ] TC03_LoginTestFail - Before class executed
[2025-12-13 18:27:20] [INFO ] TC03_LoginTestFail - Before Method executed
[2025-12-13 18:27:20] [INFO ] TestListener - ===== START TEST: testinValidLogin =====
[2025-12-13 18:27:31] [INFO ] TopBarNavigation - click: By.xpath: //h3[text()='Đăng Nhập']
[2025-12-13 18:27:31] [INFO ] TopBarNavigation - waitForElementToBeClickable: By.xpath: //h3[text()='Đăng Nhập']
[2025-12-13 18:27:39] [INFO ] TC01_RegisterTest - Before Suite executed
[2025-12-13 18:27:39] [INFO ] TestListener - >>> START TEST SUITE: Register Test
[2025-12-13 18:27:39] [INFO ] TC03_LoginTestFail - Before class executed
[2025-12-13 18:27:41] [INFO ] TC03_LoginTestFail - Before Method executed
[2025-12-13 18:27:41] [INFO ] TestListener - ===== START TEST: testinValidLogin =====
[2025-12-13 18:27:54] [INFO ] TopBarNavigation - click: By.xpath: //h3[text()='Đăng Nhập']
[2025-12-13 18:27:54] [INFO ] TopBarNavigation - waitForElementToBeClickable: By.xpath: //h3[text()='Đăng Nhập']
[2025-12-13 18:28:01] [INFO ] TC01_RegisterTest - Before Suite executed
[2025-12-13 18:28:01] [INFO ] TestListener - >>> START TEST SUITE: Register Test
[2025-12-13 18:28:01] [INFO ] TC03_LoginTestFail - Before class executed
[2025-12-13 18:28:03] [INFO ] TC03_LoginTestFail - Before Method executed
[2025-12-13 18:28:03] [INFO ] TestListener - ===== START TEST: testinValidLogin =====
[2025-12-13 18:28:03] [INFO ] TopBarNavigation - click: By.xpath: //h3[text()='Đăng Nhập']
[2025-12-13 18:28:03] [INFO ] TopBarNavigation - waitForElementToBeClickable: By.xpath: //h3[text()='Đăng Nhập']
[2025-12-13 18:28:34] [INFO ] LoginPage - enterAccount: kimhue@gmail.com
[2025-12-13 18:28:34] [INFO ] LoginPage - sendKeys: By.id: taiKhoan with kimhue@gmail.com
[2025-12-13 18:28:34] [INFO ] LoginPage - waitForVisibilityOfElementLocated: By.id: taiKhoan
[2025-12-13 18:28:35] [INFO ] LoginPage - clickLogin
[2025-12-13 18:28:35] [INFO ] LoginPage - click: By.xpath: //button[.='Đăng nhập']
[2025-12-13 18:28:35] [INFO ] LoginPage - waitForElementToBeClickable: By.xpath: //button[.='Đăng nhập']
[2025-12-13 18:28:35] [INFO ] LoginPage - getMessageFail
[2025-12-13 18:28:35] [INFO ] LoginPage - getText: By.id: matKhau-helper-text
[2025-12-13 18:28:35] [INFO ] LoginPage - waitForVisibilityOfElementLocated: By.id: matKhau-helper-text
[2025-12-13 18:28:35] [INFO ] TestListener - ===== PASSED TEST: testinValidLogin =====
[2025-12-13 18:28:35] [INFO ] TC03_LoginTestFail - After Method executed
[2025-12-13 18:28:35] [INFO ] TC03_LoginTestFail - After class executed
[2025-12-13 18:28:35] [INFO ] TestListener - >>> FINISH TEST SUITE: Register Test
[2025-12-13 18:28:36] [INFO ] TC01_RegisterTest - Test Suite completed
[2025-12-13 18:28:50] [INFO ] TC01_RegisterTest - Before Suite executed
[2025-12-13 18:28:50] [INFO ] TestListener - >>> START TEST SUITE: Register Test
[2025-12-13 18:28:50] [INFO ] TC03_LoginTestFail - Before class executed
[2025-12-13 18:28:52] [INFO ] TC03_LoginTestFail - Before Method executed
[2025-12-13 18:28:52] [INFO ] TestListener - ===== START TEST: testinValidLogin =====
[2025-12-13 18:28:52] [INFO ] TopBarNavigation - click: By.xpath: //h3[text()='Đăng Nhập']
[2025-12-13 18:28:52] [INFO ] TopBarNavigation - waitForElementToBeClickable: By.xpath: //h3[text()='Đăng Nhập']
[2025-12-13 18:29:41] [INFO ] LoginPage - enterAccount: kimhue@gmail.com
[2025-12-13 18:29:41] [INFO ] LoginPage - sendKeys: By.id: taiKhoan with kimhue@gmail.com
[2025-12-13 18:29:41] [INFO ] LoginPage - waitForVisibilityOfElementLocated: By.id: taiKhoan
[2025-12-13 18:29:41] [INFO ] LoginPage - clickLogin
[2025-12-13 18:29:41] [INFO ] LoginPage - click: By.xpath: //button[.='Đăng nhập']
[2025-12-13 18:29:41] [INFO ] LoginPage - waitForElementToBeClickable: By.xpath: //button[.='Đăng nhập']
[2025-12-13 18:29:42] [INFO ] LoginPage - getMessageFail
[2025-12-13 18:29:42] [INFO ] LoginPage - getText: By.id: matKhau-helper-text
[2025-12-13 18:29:42] [INFO ] LoginPage - waitForVisibilityOfElementLocated: By.id: matKhau-helper-text
[2025-12-13 18:29:42] [ERROR] TestListener - ===== FAILED TEST: testinValidLogin =====
java.lang.AssertionError: Login fail expected [Đây là trường bắt buộc a !] but found [Đây là trường bắt buộc !]
	at org.testng.Assert.fail(Assert.java:111)
	at org.testng.Assert.failNotEquals(Assert.java:1590)
	at org.testng.Assert.assertEqualsImpl(Assert.java:150)
	at org.testng.Assert.assertEquals(Assert.java:132)
	at org.testng.Assert.assertEquals(Assert.java:656)
	at testcases.login.TC03_LoginTestFail.testinValidLogin(TC03_LoginTestFail.java:39)
	at java.base/jdk.internal.reflect.DirectMethodHandleAccessor.invoke(DirectMethodHandleAccessor.java:103)
	at java.base/java.lang.reflect.Method.invoke(Method.java:580)
	at org.testng.internal.invokers.MethodInvocationHelper.invokeMethod(MethodInvocationHelper.java:141)
	at org.testng.internal.invokers.TestInvoker.invokeMethod(TestInvoker.java:687)
	at org.testng.internal.invokers.TestInvoker.invokeTestMethod(TestInvoker.java:230)
	at org.testng.internal.invokers.MethodRunner.runInSequence(MethodRunner.java:63)
	at org.testng.internal.invokers.TestInvoker$MethodInvocationAgent.invoke(TestInvoker.java:995)
	at org.testng.internal.invokers.TestInvoker.invokeTestMethods(TestInvoker.java:203)
	at org.testng.internal.invokers.TestMethodWorker.invokeTestMethods(TestMethodWorker.java:154)
	at org.testng.internal.invokers.TestMethodWorker.run(TestMethodWorker.java:134)
	at java.base/java.util.concurrent.Executors$RunnableAdapter.call(Executors.java:572)
	at java.base/java.util.concurrent.FutureTask.run(FutureTask.java:317)
	at org.testng.internal.thread.graph.TestNGFutureTask.run(TestNGFutureTask.java:22)
	at java.base/java.util.concurrent.ThreadPoolExecutor.runWorker(ThreadPoolExecutor.java:1144)
	at java.base/java.util.concurrent.ThreadPoolExecutor$Worker.run(ThreadPoolExecutor.java:642)
	at java.base/java.lang.Thread.run(Thread.java:1583)
[2025-12-13 18:29:42] [INFO ] TC03_LoginTestFail - After Method executed
[2025-12-13 18:29:42] [INFO ] TC03_LoginTestFail - After class executed
[2025-12-13 18:29:43] [INFO ] TestListener - >>> FINISH TEST SUITE: Register Test
[2025-12-13 18:29:43] [INFO ] TC01_RegisterTest - Test Suite completed
[2025-12-13 18:50:25] [INFO ] TC01_RegisterTest - Before Suite executed
[2025-12-13 18:50:26] [INFO ] TestListener - >>> START TEST SUITE: Register Test
[2025-12-13 18:50:26] [INFO ] TC03_LoginTestFail - Before class executed
[2025-12-13 18:50:29] [INFO ] TC03_LoginTestFail - Before Method executed
[2025-12-13 18:50:29] [INFO ] TestListener - ===== START TEST: testinValidLogin =====
[2025-12-13 18:53:29] [ERROR] TestListener - ===== FAILED TEST: testinValidLogin =====
org.openqa.selenium.TimeoutException: java.util.concurrent.TimeoutException
Build info: version: '4.35.0', revision: '1c58e5028b'
System info: os.name: 'Windows 10', os.arch: 'amd64', os.version: '10.0', java.version: '21.0.8'
Driver info: org.openqa.selenium.chrome.ChromeDriver
Command: [ab18b1e61f476161db64d97ebda3c6ce, get {url=https://demo1.cybersoft.edu.vn}]
Capabilities {acceptInsecureCerts: false, browserName: chrome, browserVersion: 142.0.7444.177, chrome: {chromedriverVersion: 142.0.7444.175 (302067f14a4..., userDataDir: C:\Users\PC\AppData\Local\T...}, fedcm:accounts: true, goog:chromeOptions: {debuggerAddress: localhost:60136}, goog:processID: 5296, networkConnectionEnabled: false, pageLoadStrategy: normal, platformName: windows, proxy: Proxy(), se:cdp: ws://localhost:60136/devtoo..., se:cdpVersion: 142.0.7444.177, setWindowRect: true, strictFileInteractability: false, timeouts: {implicit: 0, pageLoad: 300000, script: 30000}, unhandledPromptBehavior: dismiss and notify, webauthn:extension:credBlob: true, webauthn:extension:largeBlob: true, webauthn:extension:minPinLength: true, webauthn:extension:prf: true, webauthn:virtualAuthenticators: true}
Session ID: ab18b1e61f476161db64d97ebda3c6ce
	at org.openqa.selenium.remote.http.jdk.JdkHttpClient.execute(JdkHttpClient.java:427)
	at org.openqa.selenium.remote.HttpCommandExecutor.execute(HttpCommandExecutor.java:212)
	at org.openqa.selenium.remote.service.DriverCommandExecutor.invokeExecute(DriverCommandExecutor.java:216)
	at org.openqa.selenium.remote.service.DriverCommandExecutor.execute(DriverCommandExecutor.java:174)
	at org.openqa.selenium.remote.RemoteWebDriver.execute(RemoteWebDriver.java:557)
	at org.openqa.selenium.remote.RemoteWebDriver.get(RemoteWebDriver.java:325)
	at testcases.login.TC03_LoginTestFail.testinValidLogin(TC03_LoginTestFail.java:24)
	at java.base/jdk.internal.reflect.DirectMethodHandleAccessor.invoke(DirectMethodHandleAccessor.java:103)
	at java.base/java.lang.reflect.Method.invoke(Method.java:580)
	at org.testng.internal.invokers.MethodInvocationHelper.invokeMethod(MethodInvocationHelper.java:141)
	at org.testng.internal.invokers.TestInvoker.invokeMethod(TestInvoker.java:687)
	at org.testng.internal.invokers.TestInvoker.invokeTestMethod(TestInvoker.java:230)
	at org.testng.internal.invokers.MethodRunner.runInSequence(MethodRunner.java:63)
	at org.testng.internal.invokers.TestInvoker$MethodInvocationAgent.invoke(TestInvoker.java:995)
	at org.testng.internal.invokers.TestInvoker.invokeTestMethods(TestInvoker.java:203)
	at org.testng.internal.invokers.TestMethodWorker.invokeTestMethods(TestMethodWorker.java:154)
	at org.testng.internal.invokers.TestMethodWorker.run(TestMethodWorker.java:134)
	at java.base/java.util.concurrent.Executors$RunnableAdapter.call(Executors.java:572)
	at java.base/java.util.concurrent.FutureTask.run(FutureTask.java:317)
	at org.testng.internal.thread.graph.TestNGFutureTask.run(TestNGFutureTask.java:22)
	at java.base/java.util.concurrent.ThreadPoolExecutor.runWorker(ThreadPoolExecutor.java:1144)
	at java.base/java.util.concurrent.ThreadPoolExecutor$Worker.run(ThreadPoolExecutor.java:642)
	at java.base/java.lang.Thread.run(Thread.java:1583)
Caused by: java.util.concurrent.TimeoutException
	at java.base/java.util.concurrent.CompletableFuture$Timeout.run(CompletableFuture.java:2920)
	at java.base/java.util.concurrent.Executors$RunnableAdapter.call(Executors.java:572)
	at java.base/java.util.concurrent.FutureTask.run(FutureTask.java:317)
	at java.base/java.util.concurrent.ScheduledThreadPoolExecutor$ScheduledFutureTask.run(ScheduledThreadPoolExecutor.java:304)
	... 3 more
[2025-12-13 18:53:29] [INFO ] TC03_LoginTestFail - After Method executed
[2025-12-13 18:55:29] [INFO ] TC03_LoginTestFail - After class executed
[2025-12-13 18:55:30] [INFO ] TestListener - >>> FINISH TEST SUITE: Register Test
[2025-12-13 18:55:30] [INFO ] TC01_RegisterTest - Test Suite completed
[2025-12-13 18:57:13] [INFO ] TC01_RegisterTest - Before Suite executed
[2025-12-13 18:57:14] [INFO ] TestListener - >>> START TEST SUITE: Register Test
[2025-12-13 18:57:14] [INFO ] TC03_LoginTestFail - Before class executed
[2025-12-13 18:57:15] [INFO ] TC03_LoginTestFail - Before Method executed
[2025-12-13 18:57:15] [INFO ] TestListener - ===== START TEST: testinValidLogin =====
[2025-12-13 18:57:16] [INFO ] TopBarNavigation - click: By.xpath: //h3[text()='Đăng Nhập']
[2025-12-13 18:57:16] [INFO ] TopBarNavigation - waitForElementToBeClickable: By.xpath: //h3[text()='Đăng Nhập']
[2025-12-13 19:00:16] [ERROR] TestListener - ===== FAILED TEST: testinValidLogin =====
org.openqa.selenium.TimeoutException: java.util.concurrent.TimeoutException
Build info: version: '4.35.0', revision: '1c58e5028b'
System info: os.name: 'Windows 10', os.arch: 'amd64', os.version: '10.0', java.version: '21.0.8'
Driver info: org.openqa.selenium.chrome.ChromeDriver
Command: [f638b9f0d9f2ec92bb5c4cfab7aff428, findElement {using=xpath, value=//h3[text()='Đăng Nhập']}]
Capabilities {acceptInsecureCerts: false, browserName: chrome, browserVersion: 142.0.7444.177, chrome: {chromedriverVersion: 142.0.7444.175 (302067f14a4..., userDataDir: C:\Users\PC\AppData\Local\T...}, fedcm:accounts: true, goog:chromeOptions: {debuggerAddress: localhost:60201}, goog:processID: 6872, networkConnectionEnabled: false, pageLoadStrategy: normal, platformName: windows, proxy: Proxy(), se:cdp: ws://localhost:60201/devtoo..., se:cdpVersion: 142.0.7444.177, setWindowRect: true, strictFileInteractability: false, timeouts: {implicit: 0, pageLoad: 300000, script: 30000}, unhandledPromptBehavior: dismiss and notify, webauthn:extension:credBlob: true, webauthn:extension:largeBlob: true, webauthn:extension:minPinLength: true, webauthn:extension:prf: true, webauthn:virtualAuthenticators: true}
Session ID: f638b9f0d9f2ec92bb5c4cfab7aff428
	at org.openqa.selenium.remote.http.jdk.JdkHttpClient.execute(JdkHttpClient.java:427)
	at org.openqa.selenium.remote.HttpCommandExecutor.execute(HttpCommandExecutor.java:212)
	at org.openqa.selenium.remote.service.DriverCommandExecutor.invokeExecute(DriverCommandExecutor.java:216)
	at org.openqa.selenium.remote.service.DriverCommandExecutor.execute(DriverCommandExecutor.java:174)
	at org.openqa.selenium.remote.RemoteWebDriver.execute(RemoteWebDriver.java:557)
	at org.openqa.selenium.remote.ElementLocation$ElementFinder$2.findElement(ElementLocation.java:165)
	at org.openqa.selenium.remote.ElementLocation.findElement(ElementLocation.java:59)
	at org.openqa.selenium.remote.RemoteWebDriver.findElement(RemoteWebDriver.java:380)
	at org.openqa.selenium.remote.RemoteWebDriver.findElement(RemoteWebDriver.java:374)
	at org.openqa.selenium.support.ui.ExpectedConditions$7.apply(ExpectedConditions.java:194)
	at org.openqa.selenium.support.ui.ExpectedConditions$7.apply(ExpectedConditions.java:190)
	at org.openqa.selenium.support.ui.ExpectedConditions$22.apply(ExpectedConditions.java:627)
	at org.openqa.selenium.support.ui.ExpectedConditions$22.apply(ExpectedConditions.java:624)
	at org.openqa.selenium.support.ui.FluentWait.until(FluentWait.java:203)
	at base.BasePage.waitForElementToBeClickable(BasePage.java:31)
	at base.BasePage.click(BasePage.java:42)
	at components.TopBarNavigation.navigateLoginPage(TopBarNavigation.java:17)
	at pages.CommonPage.navigateLoginPage(CommonPage.java:18)
	at testcases.login.TC03_LoginTestFail.testinValidLogin(TC03_LoginTestFail.java:27)
	at java.base/jdk.internal.reflect.DirectMethodHandleAccessor.invoke(DirectMethodHandleAccessor.java:103)
	at java.base/java.lang.reflect.Method.invoke(Method.java:580)
	at org.testng.internal.invokers.MethodInvocationHelper.invokeMethod(MethodInvocationHelper.java:141)
	at org.testng.internal.invokers.TestInvoker.invokeMethod(TestInvoker.java:687)
	at org.testng.internal.invokers.TestInvoker.invokeTestMethod(TestInvoker.java:230)
	at org.testng.internal.invokers.MethodRunner.runInSequence(MethodRunner.java:63)
	at org.testng.internal.invokers.TestInvoker$MethodInvocationAgent.invoke(TestInvoker.java:995)
	at org.testng.internal.invokers.TestInvoker.invokeTestMethods(TestInvoker.java:203)
	at org.testng.internal.invokers.TestMethodWorker.invokeTestMethods(TestMethodWorker.java:154)
	at org.testng.internal.invokers.TestMethodWorker.run(TestMethodWorker.java:134)
	at java.base/java.util.concurrent.Executors$RunnableAdapter.call(Executors.java:572)
	at java.base/java.util.concurrent.FutureTask.run(FutureTask.java:317)
	at org.testng.internal.thread.graph.TestNGFutureTask.run(TestNGFutureTask.java:22)
	at java.base/java.util.concurrent.ThreadPoolExecutor.runWorker(ThreadPoolExecutor.java:1144)
	at java.base/java.util.concurrent.ThreadPoolExecutor$Worker.run(ThreadPoolExecutor.java:642)
	at java.base/java.lang.Thread.run(Thread.java:1583)
Caused by: java.util.concurrent.TimeoutException
	at java.base/java.util.concurrent.CompletableFuture$Timeout.run(CompletableFuture.java:2920)
	at java.base/java.util.concurrent.Executors$RunnableAdapter.call(Executors.java:572)
	at java.base/java.util.concurrent.FutureTask.run(FutureTask.java:317)
	at java.base/java.util.concurrent.ScheduledThreadPoolExecutor$ScheduledFutureTask.run(ScheduledThreadPoolExecutor.java:304)
	... 3 more
[2025-12-13 19:00:16] [INFO ] TC03_LoginTestFail - After Method executed
[2025-12-13 19:02:16] [INFO ] TC03_LoginTestFail - After class executed
[2025-12-13 19:02:16] [INFO ] TestListener - >>> FINISH TEST SUITE: Register Test
[2025-12-13 19:02:17] [INFO ] TC01_RegisterTest - Test Suite completed
[2025-12-13 19:02:57] [INFO ] TC01_RegisterTest - Before Suite executed
[2025-12-13 19:02:57] [INFO ] TestListener - >>> START TEST SUITE: Register Test
[2025-12-13 19:02:57] [INFO ] TC03_LoginTestFail - Before class executed
[2025-12-13 19:02:59] [INFO ] TC03_LoginTestFail - Before Method executed
[2025-12-13 19:02:59] [INFO ] TestListener - ===== START TEST: testinValidLogin =====
[2025-12-13 19:03:02] [INFO ] TopBarNavigation - click: By.xpath: //h3[text()='Đăng Nhập']
[2025-12-13 19:03:02] [INFO ] TopBarNavigation - waitForElementToBeClickable: By.xpath: //h3[text()='Đăng Nhập']
[2025-12-13 19:03:02] [INFO ] LoginPage - enterAccount: kimhue@gmail.com
[2025-12-13 19:03:02] [INFO ] LoginPage - sendKeys: By.id: taiKhoan with kimhue@gmail.com
[2025-12-13 19:03:02] [INFO ] LoginPage - waitForVisibilityOfElementLocated: By.id: taiKhoan
[2025-12-13 19:03:02] [INFO ] LoginPage - clickLogin
[2025-12-13 19:03:02] [INFO ] LoginPage - click: By.xpath: //button[.='Đăng nhập']
[2025-12-13 19:03:02] [INFO ] LoginPage - waitForElementToBeClickable: By.xpath: //button[.='Đăng nhập']
[2025-12-13 19:03:03] [INFO ] LoginPage - getMessageFail
[2025-12-13 19:03:03] [INFO ] LoginPage - getText: By.id: matKhau-helper-text
[2025-12-13 19:03:03] [INFO ] LoginPage - waitForVisibilityOfElementLocated: By.id: matKhau-helper-text
[2025-12-13 19:03:03] [INFO ] TestListener - ===== PASSED TEST: testinValidLogin =====
[2025-12-13 19:03:03] [INFO ] TC03_LoginTestFail - After Method executed
[2025-12-13 19:03:03] [INFO ] TC03_LoginTestFail - After class executed
[2025-12-13 19:03:03] [INFO ] TestListener - >>> FINISH TEST SUITE: Register Test
[2025-12-13 19:03:04] [INFO ] TC01_RegisterTest - Test Suite completed
[2025-12-13 19:03:23] [INFO ] TC01_RegisterTest - Before Suite executed
[2025-12-13 19:03:24] [INFO ] TestListener - >>> START TEST SUITE: Register Test
[2025-12-13 19:03:24] [INFO ] TC03_LoginTestFail - Before class executed
[2025-12-13 19:03:26] [INFO ] TC03_LoginTestFail - Before Method executed
[2025-12-13 19:03:26] [INFO ] TestListener - ===== START TEST: testinValidLogin =====
[2025-12-13 19:03:28] [INFO ] TopBarNavigation - click: By.xpath: //h3[text()='Đăng Nhập']
[2025-12-13 19:03:28] [INFO ] TopBarNavigation - waitForElementToBeClickable: By.xpath: //h3[text()='Đăng Nhập']
[2025-12-13 19:03:28] [INFO ] LoginPage - enterAccount: kimhue@gmail.com
[2025-12-13 19:03:28] [INFO ] LoginPage - sendKeys: By.id: taiKhoan with kimhue@gmail.com
[2025-12-13 19:03:28] [INFO ] LoginPage - waitForVisibilityOfElementLocated: By.id: taiKhoan
[2025-12-13 19:03:29] [INFO ] LoginPage - clickLogin
[2025-12-13 19:03:29] [INFO ] LoginPage - click: By.xpath: //button[.='Đăng nhập']
[2025-12-13 19:03:29] [INFO ] LoginPage - waitForElementToBeClickable: By.xpath: //button[.='Đăng nhập']
[2025-12-13 19:03:29] [INFO ] LoginPage - getMessageFail
[2025-12-13 19:03:29] [INFO ] LoginPage - getText: By.id: matKhau-helper-text
[2025-12-13 19:03:29] [INFO ] LoginPage - waitForVisibilityOfElementLocated: By.id: matKhau-helper-text
[2025-12-13 19:03:29] [INFO ] TestListener - ===== PASSED TEST: testinValidLogin =====
[2025-12-13 19:03:29] [INFO ] TC03_LoginTestFail - After Method executed
[2025-12-13 19:03:29] [INFO ] TC03_LoginTestFail - After class executed
[2025-12-13 19:03:29] [INFO ] TestListener - >>> FINISH TEST SUITE: Register Test
[2025-12-13 19:03:30] [INFO ] TC01_RegisterTest - Test Suite completed
[2025-12-13 19:03:50] [INFO ] TC01_RegisterTest - Before Suite executed
[2025-12-13 19:03:50] [INFO ] TestListener - >>> START TEST SUITE: Register Test
[2025-12-13 19:03:50] [INFO ] TC03_LoginTestFail - Before class executed
[2025-12-13 19:03:52] [INFO ] TC03_LoginTestFail - Before Method executed
[2025-12-13 19:03:52] [INFO ] TestListener - ===== START TEST: testinValidLogin =====
[2025-12-13 19:06:52] [ERROR] TestListener - ===== FAILED TEST: testinValidLogin =====
org.openqa.selenium.TimeoutException: java.util.concurrent.TimeoutException
Build info: version: '4.35.0', revision: '1c58e5028b'
System info: os.name: 'Windows 10', os.arch: 'amd64', os.version: '10.0', java.version: '21.0.8'
Driver info: org.openqa.selenium.chrome.ChromeDriver
Command: [551dbdd28165e47fbd50edceec96894c, get {url=https://demo1.cybersoft.edu.vn}]
Capabilities {acceptInsecureCerts: false, browserName: chrome, browserVersion: 142.0.7444.177, chrome: {chromedriverVersion: 142.0.7444.175 (302067f14a4..., userDataDir: C:\Users\PC\AppData\Local\T...}, fedcm:accounts: true, goog:chromeOptions: {debuggerAddress: localhost:60340}, goog:processID: 7440, networkConnectionEnabled: false, pageLoadStrategy: normal, platformName: windows, proxy: Proxy(), se:cdp: ws://localhost:60340/devtoo..., se:cdpVersion: 142.0.7444.177, setWindowRect: true, strictFileInteractability: false, timeouts: {implicit: 0, pageLoad: 300000, script: 30000}, unhandledPromptBehavior: dismiss and notify, webauthn:extension:credBlob: true, webauthn:extension:largeBlob: true, webauthn:extension:minPinLength: true, webauthn:extension:prf: true, webauthn:virtualAuthenticators: true}
Session ID: 551dbdd28165e47fbd50edceec96894c
	at org.openqa.selenium.remote.http.jdk.JdkHttpClient.execute(JdkHttpClient.java:427)
	at org.openqa.selenium.remote.HttpCommandExecutor.execute(HttpCommandExecutor.java:212)
	at org.openqa.selenium.remote.service.DriverCommandExecutor.invokeExecute(DriverCommandExecutor.java:216)
	at org.openqa.selenium.remote.service.DriverCommandExecutor.execute(DriverCommandExecutor.java:174)
	at org.openqa.selenium.remote.RemoteWebDriver.execute(RemoteWebDriver.java:557)
	at org.openqa.selenium.remote.RemoteWebDriver.get(RemoteWebDriver.java:325)
	at testcases.login.TC03_LoginTestFail.testinValidLogin(TC03_LoginTestFail.java:24)
	at java.base/jdk.internal.reflect.DirectMethodHandleAccessor.invoke(DirectMethodHandleAccessor.java:103)
	at java.base/java.lang.reflect.Method.invoke(Method.java:580)
	at org.testng.internal.invokers.MethodInvocationHelper.invokeMethod(MethodInvocationHelper.java:141)
	at org.testng.internal.invokers.TestInvoker.invokeMethod(TestInvoker.java:687)
	at org.testng.internal.invokers.TestInvoker.invokeTestMethod(TestInvoker.java:230)
	at org.testng.internal.invokers.MethodRunner.runInSequence(MethodRunner.java:63)
	at org.testng.internal.invokers.TestInvoker$MethodInvocationAgent.invoke(TestInvoker.java:995)
	at org.testng.internal.invokers.TestInvoker.invokeTestMethods(TestInvoker.java:203)
	at org.testng.internal.invokers.TestMethodWorker.invokeTestMethods(TestMethodWorker.java:154)
	at org.testng.internal.invokers.TestMethodWorker.run(TestMethodWorker.java:134)
	at java.base/java.util.concurrent.Executors$RunnableAdapter.call(Executors.java:572)
	at java.base/java.util.concurrent.FutureTask.run(FutureTask.java:317)
	at org.testng.internal.thread.graph.TestNGFutureTask.run(TestNGFutureTask.java:22)
	at java.base/java.util.concurrent.ThreadPoolExecutor.runWorker(ThreadPoolExecutor.java:1144)
	at java.base/java.util.concurrent.ThreadPoolExecutor$Worker.run(ThreadPoolExecutor.java:642)
	at java.base/java.lang.Thread.run(Thread.java:1583)
Caused by: java.util.concurrent.TimeoutException
	at java.base/java.util.concurrent.CompletableFuture$Timeout.run(CompletableFuture.java:2920)
	at java.base/java.util.concurrent.Executors$RunnableAdapter.call(Executors.java:572)
	at java.base/java.util.concurrent.FutureTask.run(FutureTask.java:317)
	at java.base/java.util.concurrent.ScheduledThreadPoolExecutor$ScheduledFutureTask.run(ScheduledThreadPoolExecutor.java:304)
	... 3 more
[2025-12-13 19:06:52] [INFO ] TC03_LoginTestFail - After Method executed
[2025-12-13 19:07:22] [INFO ] TC01_RegisterTest - Before Suite executed
[2025-12-13 19:07:23] [INFO ] TestListener - >>> START TEST SUITE: Register Test
[2025-12-13 19:07:23] [INFO ] TC03_LoginTestFail - Before class executed
[2025-12-13 19:07:25] [INFO ] TC03_LoginTestFail - Before Method executed
[2025-12-13 19:07:25] [INFO ] TestListener - ===== START TEST: testinValidLogin =====
[2025-12-13 19:08:11] [INFO ] TopBarNavigation - click: By.xpath: //h3[text()='Đăng Nhập']
[2025-12-13 19:08:11] [INFO ] TopBarNavigation - waitForElementToBeClickable: By.xpath: //h3[text()='Đăng Nhập']
[2025-12-13 19:08:12] [INFO ] LoginPage - enterAccount: kimhue@gmail.com
[2025-12-13 19:08:12] [INFO ] LoginPage - sendKeys: By.id: taiKhoan with kimhue@gmail.com
[2025-12-13 19:08:12] [INFO ] LoginPage - waitForVisibilityOfElementLocated: By.id: taiKhoan
[2025-12-13 19:08:12] [INFO ] LoginPage - clickLogin
[2025-12-13 19:08:12] [INFO ] LoginPage - click: By.xpath: //button[.='Đăng nhập']
[2025-12-13 19:08:12] [INFO ] LoginPage - waitForElementToBeClickable: By.xpath: //button[.='Đăng nhập']
[2025-12-13 19:08:12] [INFO ] LoginPage - getMessageFail
[2025-12-13 19:08:12] [INFO ] LoginPage - getText: By.id: matKhau-helper-text
[2025-12-13 19:08:12] [INFO ] LoginPage - waitForVisibilityOfElementLocated: By.id: matKhau-helper-text
[2025-12-13 19:08:12] [INFO ] TestListener - ===== PASSED TEST: testinValidLogin =====
[2025-12-13 19:08:12] [INFO ] TC03_LoginTestFail - After Method executed
[2025-12-13 19:08:12] [INFO ] TC03_LoginTestFail - After class executed
[2025-12-13 19:08:14] [INFO ] TestListener - >>> FINISH TEST SUITE: Register Test
[2025-12-13 19:08:14] [INFO ] TC01_RegisterTest - Test Suite completed
[2025-12-13 19:08:26] [INFO ] TC01_RegisterTest - Before Suite executed
[2025-12-13 19:08:26] [INFO ] TestListener - >>> START TEST SUITE: Register Test
[2025-12-13 19:08:26] [INFO ] TC03_LoginTestFail - Before class executed
[2025-12-13 19:08:28] [INFO ] TC03_LoginTestFail - Before Method executed
[2025-12-13 19:08:28] [INFO ] TestListener - ===== START TEST: testinValidLogin =====
[2025-12-13 19:09:15] [INFO ] TopBarNavigation - click: By.xpath: //h3[text()='Đăng Nhập']
[2025-12-13 19:09:15] [INFO ] TopBarNavigation - waitForElementToBeClickable: By.xpath: //h3[text()='Đăng Nhập']
[2025-12-13 19:09:16] [INFO ] LoginPage - enterAccount: kimhue@gmail.com
[2025-12-13 19:09:16] [INFO ] LoginPage - sendKeys: By.id: taiKhoan with kimhue@gmail.com
[2025-12-13 19:09:16] [INFO ] LoginPage - waitForVisibilityOfElementLocated: By.id: taiKhoan
[2025-12-13 19:09:16] [INFO ] LoginPage - clickLogin
[2025-12-13 19:09:16] [INFO ] LoginPage - click: By.xpath: //button[.='Đăng nhập']
[2025-12-13 19:09:16] [INFO ] LoginPage - waitForElementToBeClickable: By.xpath: //button[.='Đăng nhập']
[2025-12-13 19:09:16] [INFO ] LoginPage - getMessageFail
[2025-12-13 19:09:16] [INFO ] LoginPage - getText: By.id: matKhau-helper-text
[2025-12-13 19:09:16] [INFO ] LoginPage - waitForVisibilityOfElementLocated: By.id: matKhau-helper-text
[2025-12-13 19:09:16] [INFO ] TestListener - ===== PASSED TEST: testinValidLogin =====
[2025-12-13 19:09:16] [INFO ] TC03_LoginTestFail - After Method executed
[2025-12-13 19:09:16] [INFO ] TC03_LoginTestFail - After class executed
[2025-12-13 19:09:16] [INFO ] TestListener - >>> FINISH TEST SUITE: Register Test
[2025-12-13 19:09:17] [INFO ] TC01_RegisterTest - Test Suite completed
[2025-12-13 19:09:24] [INFO ] TC01_RegisterTest - Before Suite executed
[2025-12-13 19:09:24] [INFO ] TestListener - >>> START TEST SUITE: Register Test
[2025-12-13 19:09:24] [INFO ] TC03_LoginTestFail - Before class executed
[2025-12-13 19:09:26] [INFO ] TC03_LoginTestFail - Before Method executed
[2025-12-13 19:09:26] [INFO ] TestListener - ===== START TEST: testinValidLogin =====
[2025-12-13 19:10:10] [INFO ] TopBarNavigation - click: By.xpath: //h3[text()='Đăng Nhập']
[2025-12-13 19:10:10] [INFO ] TopBarNavigation - waitForElementToBeClickable: By.xpath: //h3[text()='Đăng Nhập']
[2025-12-13 19:10:10] [INFO ] LoginPage - enterAccount: kimhue@gmail.com
[2025-12-13 19:10:10] [INFO ] LoginPage - sendKeys: By.id: taiKhoan with kimhue@gmail.com
[2025-12-13 19:10:10] [INFO ] LoginPage - waitForVisibilityOfElementLocated: By.id: taiKhoan
[2025-12-13 19:10:11] [INFO ] LoginPage - clickLogin
[2025-12-13 19:10:11] [INFO ] LoginPage - click: By.xpath: //button[.='Đăng nhập']
[2025-12-13 19:10:11] [INFO ] LoginPage - waitForElementToBeClickable: By.xpath: //button[.='Đăng nhập']
[2025-12-13 19:10:11] [INFO ] LoginPage - getMessageFail
[2025-12-13 19:10:11] [INFO ] LoginPage - getText: By.id: matKhau-helper-text
[2025-12-13 19:10:11] [INFO ] LoginPage - waitForVisibilityOfElementLocated: By.id: matKhau-helper-text
[2025-12-13 19:10:11] [INFO ] TestListener - ===== PASSED TEST: testinValidLogin =====
[2025-12-13 19:10:11] [INFO ] TC03_LoginTestFail - After Method executed
[2025-12-13 19:10:11] [INFO ] TC03_LoginTestFail - After class executed
[2025-12-13 19:10:11] [INFO ] TestListener - >>> FINISH TEST SUITE: Register Test
[2025-12-13 19:10:12] [INFO ] TC01_RegisterTest - Test Suite completed
[2025-12-13 19:10:22] [INFO ] TC01_RegisterTest - Before Suite executed
[2025-12-13 19:10:23] [INFO ] TestListener - >>> START TEST SUITE: Register Test
[2025-12-13 19:10:23] [INFO ] TC03_LoginTestFail - Before class executed
[2025-12-13 19:10:25] [INFO ] TC03_LoginTestFail - Before Method executed
[2025-12-13 19:10:25] [INFO ] TestListener - ===== START TEST: testinValidLogin =====
[2025-12-13 19:12:39] [INFO ] TopBarNavigation - click: By.xpath: //h3[text()='Đăng Nhập']
[2025-12-13 19:12:39] [INFO ] TopBarNavigation - waitForElementToBeClickable: By.xpath: //h3[text()='Đăng Nhập']
[2025-12-13 19:12:47] [INFO ] TC01_RegisterTest - Before Suite executed
[2025-12-13 19:12:47] [INFO ] TestListener - >>> START TEST SUITE: Register Test
[2025-12-13 19:12:47] [INFO ] TC03_LoginTestFail - Before class executed
[2025-12-13 19:12:49] [INFO ] TC03_LoginTestFail - Before Method executed
[2025-12-13 19:12:49] [INFO ] TestListener - ===== START TEST: testinValidLogin =====
[2025-12-13 19:14:19] [INFO ] TopBarNavigation - click: By.xpath: //h3[text()='Đăng Nhập']
[2025-12-13 19:14:19] [INFO ] TopBarNavigation - waitForElementToBeClickable: By.xpath: //h3[text()='Đăng Nhập']
[2025-12-13 19:14:49] [ERROR] TestListener - ===== FAILED TEST: testinValidLogin =====
org.openqa.selenium.TimeoutException: Expected condition failed: waiting for element to be clickable: By.xpath: //h3[text()='Đăng Nhập'] (tried for 30 second(s) with 500 milliseconds interval)
	at org.openqa.selenium.support.ui.WebDriverWait.timeoutException(WebDriverWait.java:84)
	at org.openqa.selenium.support.ui.FluentWait.until(FluentWait.java:228)
	at base.BasePage.waitForElementToBeClickable(BasePage.java:31)
	at base.BasePage.click(BasePage.java:42)
	at components.TopBarNavigation.navigateLoginPage(TopBarNavigation.java:17)
	at pages.CommonPage.navigateLoginPage(CommonPage.java:18)
	at testcases.login.TC03_LoginTestFail.testinValidLogin(TC03_LoginTestFail.java:27)
	at java.base/jdk.internal.reflect.DirectMethodHandleAccessor.invoke(DirectMethodHandleAccessor.java:103)
	at java.base/java.lang.reflect.Method.invoke(Method.java:580)
	at org.testng.internal.invokers.MethodInvocationHelper.invokeMethod(MethodInvocationHelper.java:141)
	at org.testng.internal.invokers.TestInvoker.invokeMethod(TestInvoker.java:687)
	at org.testng.internal.invokers.TestInvoker.invokeTestMethod(TestInvoker.java:230)
	at org.testng.internal.invokers.MethodRunner.runInSequence(MethodRunner.java:63)
	at org.testng.internal.invokers.TestInvoker$MethodInvocationAgent.invoke(TestInvoker.java:995)
	at org.testng.internal.invokers.TestInvoker.invokeTestMethods(TestInvoker.java:203)
	at org.testng.internal.invokers.TestMethodWorker.invokeTestMethods(TestMethodWorker.java:154)
	at org.testng.internal.invokers.TestMethodWorker.run(TestMethodWorker.java:134)
	at java.base/java.util.concurrent.Executors$RunnableAdapter.call(Executors.java:572)
	at java.base/java.util.concurrent.FutureTask.run(FutureTask.java:317)
	at org.testng.internal.thread.graph.TestNGFutureTask.run(TestNGFutureTask.java:22)
	at java.base/java.util.concurrent.ThreadPoolExecutor.runWorker(ThreadPoolExecutor.java:1144)
	at java.base/java.util.concurrent.ThreadPoolExecutor$Worker.run(ThreadPoolExecutor.java:642)
	at java.base/java.lang.Thread.run(Thread.java:1583)
Caused by: org.openqa.selenium.NoSuchWindowException: no such window: target window already closed
from unknown error: web view not found
  (Session info: chrome=142.0.7444.177)
Build info: version: '4.35.0', revision: '1c58e5028b'
System info: os.name: 'Windows 10', os.arch: 'amd64', os.version: '10.0', java.version: '21.0.8'
Driver info: org.openqa.selenium.chrome.ChromeDriver
Command: [8f9a286512ef8788dbc30547122c9ec8, findElement {value=//h3[text()='Đăng Nhập'], using=xpath}]
Capabilities {acceptInsecureCerts: false, browserName: chrome, browserVersion: 142.0.7444.177, chrome: {chromedriverVersion: 142.0.7444.175 (302067f14a4..., userDataDir: C:\Users\PC\AppData\Local\T...}, fedcm:accounts: true, goog:chromeOptions: {debuggerAddress: localhost:60631}, goog:processID: 14292, networkConnectionEnabled: false, pageLoadStrategy: normal, platformName: windows, proxy: Proxy(), se:cdp: ws://localhost:60631/devtoo..., se:cdpVersion: 142.0.7444.177, setWindowRect: true, strictFileInteractability: false, timeouts: {implicit: 0, pageLoad: 300000, script: 30000}, unhandledPromptBehavior: dismiss and notify, webauthn:extension:credBlob: true, webauthn:extension:largeBlob: true, webauthn:extension:minPinLength: true, webauthn:extension:prf: true, webauthn:virtualAuthenticators: true}
Session ID: 8f9a286512ef8788dbc30547122c9ec8
	at java.base/jdk.internal.reflect.DirectConstructorHandleAccessor.newInstance(DirectConstructorHandleAccessor.java:62)
	at java.base/java.lang.reflect.Constructor.newInstanceWithCaller(Constructor.java:502)
	at java.base/java.lang.reflect.Constructor.newInstance(Constructor.java:486)
	at org.openqa.selenium.remote.ErrorCodec.decode(ErrorCodec.java:167)
	at org.openqa.selenium.remote.codec.w3c.W3CHttpResponseCodec.decode(W3CHttpResponseCodec.java:138)
	at org.openqa.selenium.remote.codec.w3c.W3CHttpResponseCodec.decode(W3CHttpResponseCodec.java:50)
	at org.openqa.selenium.remote.HttpCommandExecutor.execute(HttpCommandExecutor.java:215)
	at org.openqa.selenium.remote.service.DriverCommandExecutor.invokeExecute(DriverCommandExecutor.java:216)
	at org.openqa.selenium.remote.service.DriverCommandExecutor.execute(DriverCommandExecutor.java:174)
	at org.openqa.selenium.remote.RemoteWebDriver.execute(RemoteWebDriver.java:557)
	at org.openqa.selenium.remote.ElementLocation$ElementFinder$2.findElement(ElementLocation.java:165)
	at org.openqa.selenium.remote.ElementLocation.findElement(ElementLocation.java:59)
	at org.openqa.selenium.remote.RemoteWebDriver.findElement(RemoteWebDriver.java:380)
	at org.openqa.selenium.remote.RemoteWebDriver.findElement(RemoteWebDriver.java:374)
	at org.openqa.selenium.support.ui.ExpectedConditions$7.apply(ExpectedConditions.java:194)
	at org.openqa.selenium.support.ui.ExpectedConditions$7.apply(ExpectedConditions.java:190)
	at org.openqa.selenium.support.ui.ExpectedConditions$22.apply(ExpectedConditions.java:627)
	at org.openqa.selenium.support.ui.ExpectedConditions$22.apply(ExpectedConditions.java:624)
	at org.openqa.selenium.support.ui.FluentWait.until(FluentWait.java:203)
	... 21 more
[2025-12-13 19:14:49] [INFO ] TC03_LoginTestFail - After Method executed
[2025-12-13 19:14:49] [INFO ] TestListener - >>> FINISH TEST SUITE: Register Test
[2025-12-13 19:14:50] [INFO ] TC01_RegisterTest - Test Suite completed
[2025-12-13 19:58:38] [INFO ] TC01_RegisterTest - Before Suite executed
[2025-12-13 19:58:38] [INFO ] TestListener - >>> START TEST SUITE: Register Test
[2025-12-13 19:58:38] [INFO ] TC03_LoginTestFail - Before class executed
[2025-12-13 19:58:43] [INFO ] TC03_LoginTestFail - Before Method executed
[2025-12-13 19:58:43] [INFO ] TestListener - ===== START TEST: testinValidLogin =====
[2025-12-13 19:58:46] [INFO ] TopBarNavigation - click: By.xpath: //h3[text()='Đăng Nhập']
[2025-12-13 19:58:46] [INFO ] TopBarNavigation - waitForElementToBeClickable: By.xpath: //h3[text()='Đăng Nhập']
[2025-12-13 19:58:46] [INFO ] LoginPage - enterAccount: kimhue@gmail.com
[2025-12-13 19:58:46] [INFO ] LoginPage - sendKeys: By.id: taiKhoan with kimhue@gmail.com
[2025-12-13 19:58:46] [INFO ] LoginPage - waitForVisibilityOfElementLocated: By.id: taiKhoan
[2025-12-13 19:58:46] [INFO ] LoginPage - clickLogin
[2025-12-13 19:58:46] [INFO ] LoginPage - click: By.xpath: //button[.='Đăng nhập']
[2025-12-13 19:58:46] [INFO ] LoginPage - waitForElementToBeClickable: By.xpath: //button[.='Đăng nhập']
[2025-12-13 19:58:46] [INFO ] LoginPage - getMessageFail
[2025-12-13 19:58:46] [INFO ] LoginPage - getText: By.id: matKhau-helper-text
[2025-12-13 19:58:46] [INFO ] LoginPage - waitForVisibilityOfElementLocated: By.id: matKhau-helper-text
[2025-12-13 19:58:46] [INFO ] TestListener - ===== PASSED TEST: testinValidLogin =====
[2025-12-13 19:58:46] [INFO ] TC03_LoginTestFail - After Method executed
[2025-12-13 19:58:46] [INFO ] TC03_LoginTestFail - After class executed
[2025-12-13 19:58:47] [INFO ] TestListener - >>> FINISH TEST SUITE: Register Test
[2025-12-13 19:58:48] [INFO ] TC01_RegisterTest - Test Suite completed
[2025-12-13 19:58:56] [INFO ] TC01_RegisterTest - Before Suite executed
[2025-12-13 19:58:56] [INFO ] TestListener - >>> START TEST SUITE: Register Test
[2025-12-13 19:58:56] [INFO ] TC03_LoginTestFail - Before class executed
[2025-12-13 19:58:58] [INFO ] TC03_LoginTestFail - Before Method executed
[2025-12-13 19:58:58] [INFO ] TestListener - ===== START TEST: testinValidLogin =====
[2025-12-13 19:59:47] [INFO ] TopBarNavigation - click: By.xpath: //h3[text()='Đăng Nhập']
[2025-12-13 19:59:47] [INFO ] TopBarNavigation - waitForElementToBeClickable: By.xpath: //h3[text()='Đăng Nhập']
[2025-12-13 20:00:08] [INFO ] TC01_RegisterTest - Before Suite executed
[2025-12-13 20:00:08] [INFO ] TestListener - >>> START TEST SUITE: Register Test
[2025-12-13 20:00:08] [INFO ] TC03_LoginTestFail - Before class executed
[2025-12-13 20:00:10] [INFO ] TC03_LoginTestFail - Before Method executed
[2025-12-13 20:00:10] [INFO ] TestListener - ===== START TEST: testinValidLogin =====
[2025-12-13 20:01:51] [INFO ] TopBarNavigation - click: By.xpath: //h3[text()='Đăng Nhập']
[2025-12-13 20:01:51] [INFO ] TopBarNavigation - waitForElementToBeClickable: By.xpath: //h3[text()='Đăng Nhập']
[2025-12-13 20:02:21] [ERROR] TestListener - ===== FAILED TEST: testinValidLogin =====
org.openqa.selenium.TimeoutException: Expected condition failed: waiting for element to be clickable: By.xpath: //h3[text()='Đăng Nhập'] (tried for 30 second(s) with 500 milliseconds interval)
	at org.openqa.selenium.support.ui.WebDriverWait.timeoutException(WebDriverWait.java:84)
	at org.openqa.selenium.support.ui.FluentWait.until(FluentWait.java:228)
	at base.BasePage.waitForElementToBeClickable(BasePage.java:31)
	at base.BasePage.click(BasePage.java:42)
	at components.TopBarNavigation.navigateLoginPage(TopBarNavigation.java:17)
	at pages.CommonPage.navigateLoginPage(CommonPage.java:18)
	at testcases.login.TC03_LoginTestFail.testinValidLogin(TC03_LoginTestFail.java:27)
	at java.base/jdk.internal.reflect.DirectMethodHandleAccessor.invoke(DirectMethodHandleAccessor.java:103)
	at java.base/java.lang.reflect.Method.invoke(Method.java:580)
	at org.testng.internal.invokers.MethodInvocationHelper.invokeMethod(MethodInvocationHelper.java:141)
	at org.testng.internal.invokers.TestInvoker.invokeMethod(TestInvoker.java:687)
	at org.testng.internal.invokers.TestInvoker.invokeTestMethod(TestInvoker.java:230)
	at org.testng.internal.invokers.MethodRunner.runInSequence(MethodRunner.java:63)
	at org.testng.internal.invokers.TestInvoker$MethodInvocationAgent.invoke(TestInvoker.java:995)
	at org.testng.internal.invokers.TestInvoker.invokeTestMethods(TestInvoker.java:203)
	at org.testng.internal.invokers.TestMethodWorker.invokeTestMethods(TestMethodWorker.java:154)
	at org.testng.internal.invokers.TestMethodWorker.run(TestMethodWorker.java:134)
	at java.base/java.util.concurrent.Executors$RunnableAdapter.call(Executors.java:572)
	at java.base/java.util.concurrent.FutureTask.run(FutureTask.java:317)
	at org.testng.internal.thread.graph.TestNGFutureTask.run(TestNGFutureTask.java:22)
	at java.base/java.util.concurrent.ThreadPoolExecutor.runWorker(ThreadPoolExecutor.java:1144)
	at java.base/java.util.concurrent.ThreadPoolExecutor$Worker.run(ThreadPoolExecutor.java:642)
	at java.base/java.lang.Thread.run(Thread.java:1583)
Caused by: org.openqa.selenium.NoSuchWindowException: no such window: target window already closed
from unknown error: web view not found
  (Session info: chrome=142.0.7444.177)
Build info: version: '4.35.0', revision: '1c58e5028b'
System info: os.name: 'Windows 10', os.arch: 'amd64', os.version: '10.0', java.version: '21.0.8'
Driver info: org.openqa.selenium.chrome.ChromeDriver
Command: [03f1c4f88dd4e872ae123f3667aeeb3a, findElement {using=xpath, value=//h3[text()='Đăng Nhập']}]
Capabilities {acceptInsecureCerts: false, browserName: chrome, browserVersion: 142.0.7444.177, chrome: {chromedriverVersion: 142.0.7444.175 (302067f14a4..., userDataDir: C:\Users\PC\AppData\Local\T...}, fedcm:accounts: true, goog:chromeOptions: {debuggerAddress: localhost:60869}, goog:processID: 2448, networkConnectionEnabled: false, pageLoadStrategy: normal, platformName: windows, proxy: Proxy(), se:cdp: ws://localhost:60869/devtoo..., se:cdpVersion: 142.0.7444.177, setWindowRect: true, strictFileInteractability: false, timeouts: {implicit: 0, pageLoad: 300000, script: 30000}, unhandledPromptBehavior: dismiss and notify, webauthn:extension:credBlob: true, webauthn:extension:largeBlob: true, webauthn:extension:minPinLength: true, webauthn:extension:prf: true, webauthn:virtualAuthenticators: true}
Session ID: 03f1c4f88dd4e872ae123f3667aeeb3a
	at java.base/jdk.internal.reflect.DirectConstructorHandleAccessor.newInstance(DirectConstructorHandleAccessor.java:62)
	at java.base/java.lang.reflect.Constructor.newInstanceWithCaller(Constructor.java:502)
	at java.base/java.lang.reflect.Constructor.newInstance(Constructor.java:486)
	at org.openqa.selenium.remote.ErrorCodec.decode(ErrorCodec.java:167)
	at org.openqa.selenium.remote.codec.w3c.W3CHttpResponseCodec.decode(W3CHttpResponseCodec.java:138)
	at org.openqa.selenium.remote.codec.w3c.W3CHttpResponseCodec.decode(W3CHttpResponseCodec.java:50)
	at org.openqa.selenium.remote.HttpCommandExecutor.execute(HttpCommandExecutor.java:215)
	at org.openqa.selenium.remote.service.DriverCommandExecutor.invokeExecute(DriverCommandExecutor.java:216)
	at org.openqa.selenium.remote.service.DriverCommandExecutor.execute(DriverCommandExecutor.java:174)
	at org.openqa.selenium.remote.RemoteWebDriver.execute(RemoteWebDriver.java:557)
	at org.openqa.selenium.remote.ElementLocation$ElementFinder$2.findElement(ElementLocation.java:165)
	at org.openqa.selenium.remote.ElementLocation.findElement(ElementLocation.java:59)
	at org.openqa.selenium.remote.RemoteWebDriver.findElement(RemoteWebDriver.java:380)
	at org.openqa.selenium.remote.RemoteWebDriver.findElement(RemoteWebDriver.java:374)
	at org.openqa.selenium.support.ui.ExpectedConditions$7.apply(ExpectedConditions.java:194)
	at org.openqa.selenium.support.ui.ExpectedConditions$7.apply(ExpectedConditions.java:190)
	at org.openqa.selenium.support.ui.ExpectedConditions$22.apply(ExpectedConditions.java:627)
	at org.openqa.selenium.support.ui.ExpectedConditions$22.apply(ExpectedConditions.java:624)
	at org.openqa.selenium.support.ui.FluentWait.until(FluentWait.java:203)
	... 21 more
[2025-12-13 20:02:21] [INFO ] TC03_LoginTestFail - After Method executed
[2025-12-13 20:02:21] [INFO ] TestListener - >>> FINISH TEST SUITE: Register Test
[2025-12-13 20:02:22] [INFO ] TC01_RegisterTest - Test Suite completed
[2025-12-13 20:02:40] [INFO ] TC01_RegisterTest - Before Suite executed
[2025-12-13 20:02:40] [INFO ] TestListener - >>> START TEST SUITE: Register Test
[2025-12-13 20:02:40] [INFO ] TC03_LoginTestFail - Before class executed
[2025-12-13 20:02:42] [INFO ] TC03_LoginTestFail - Before Method executed
[2025-12-13 20:02:42] [INFO ] TestListener - ===== START TEST: testinValidLogin =====
[2025-12-13 20:03:28] [INFO ] TopBarNavigation - click: By.xpath: //h3[text()='Đăng Nhập']
[2025-12-13 20:03:28] [INFO ] TopBarNavigation - waitForElementToBeClickable: By.xpath: //h3[text()='Đăng Nhập']
[2025-12-13 20:03:29] [INFO ] LoginPage - enterAccount: kimhue@gmail.com
[2025-12-13 20:03:29] [INFO ] LoginPage - sendKeys: By.id: taiKhoan with kimhue@gmail.com
[2025-12-13 20:03:29] [INFO ] LoginPage - waitForVisibilityOfElementLocated: By.id: taiKhoan
[2025-12-13 20:03:29] [INFO ] LoginPage - clickLogin
[2025-12-13 20:03:29] [INFO ] LoginPage - click: By.xpath: //button[.='Đăng nhập']
[2025-12-13 20:03:29] [INFO ] LoginPage - waitForElementToBeClickable: By.xpath: //button[.='Đăng nhập']
[2025-12-13 20:03:29] [INFO ] LoginPage - getMessageFail
[2025-12-13 20:03:29] [INFO ] LoginPage - getText: By.id: matKhau-helper-text
[2025-12-13 20:03:29] [INFO ] LoginPage - waitForVisibilityOfElementLocated: By.id: matKhau-helper-text
[2025-12-13 20:03:29] [INFO ] TestListener - ===== PASSED TEST: testinValidLogin =====
[2025-12-13 20:03:29] [INFO ] TC03_LoginTestFail - After Method executed
[2025-12-13 20:03:29] [INFO ] TC03_LoginTestFail - After class executed
[2025-12-13 20:03:29] [INFO ] TestListener - >>> FINISH TEST SUITE: Register Test
[2025-12-13 20:03:30] [INFO ] TC01_RegisterTest - Test Suite completed
[2025-12-13 20:13:42] [INFO ] TC01_RegisterTest - Before Suite executed
[2025-12-13 20:13:43] [INFO ] TestListener - >>> START TEST SUITE: Register Test
[2025-12-13 20:13:43] [INFO ] TC03_LoginTestFail - Before class executed
[2025-12-13 20:13:45] [INFO ] TC03_LoginTestFail - Before Method executed
[2025-12-13 20:13:45] [INFO ] TestListener - ===== START TEST: testinValidLogin =====
[2025-12-13 20:13:45] [INFO ] TopBarNavigation - click: By.xpath: //h3[text()='Đăng Nhập']
[2025-12-13 20:13:45] [INFO ] TopBarNavigation - waitForElementToBeClickable: By.xpath: //h3[text()='Đăng Nhập']
[2025-12-13 20:13:47] [INFO ] LoginPage - enterAccount: kimhue@gmail.com
[2025-12-13 20:13:47] [INFO ] LoginPage - sendKeys: By.id: taiKhoan with kimhue@gmail.com
[2025-12-13 20:13:47] [INFO ] LoginPage - waitForVisibilityOfElementLocated: By.id: taiKhoan
[2025-12-13 20:13:47] [INFO ] LoginPage - clickLogin
[2025-12-13 20:13:47] [INFO ] LoginPage - click: By.xpath: //button[.='Đăng nhập']
[2025-12-13 20:13:47] [INFO ] LoginPage - waitForElementToBeClickable: By.xpath: //button[.='Đăng nhập']
[2025-12-13 20:13:47] [INFO ] LoginPage - getMessageFail
[2025-12-13 20:13:47] [INFO ] LoginPage - getText: By.xpath: //p[@id='matKhau-helper-text']
[2025-12-13 20:13:47] [INFO ] LoginPage - waitForVisibilityOfElementLocated: By.xpath: //p[@id='matKhau-helper-text']
[2025-12-13 20:13:47] [INFO ] TestListener - ===== PASSED TEST: testinValidLogin =====
[2025-12-13 20:13:47] [INFO ] TC03_LoginTestFail - After Method executed
[2025-12-13 20:13:47] [INFO ] TC03_LoginTestFail - After class executed
[2025-12-13 20:13:47] [INFO ] TestListener - >>> FINISH TEST SUITE: Register Test
[2025-12-13 20:13:48] [INFO ] TC01_RegisterTest - Test Suite completed
[2025-12-13 20:15:22] [INFO ] TC01_RegisterTest - Before Suite executed
[2025-12-13 20:15:23] [INFO ] TestListener - >>> START TEST SUITE: Register Test
[2025-12-13 20:15:23] [INFO ] TC04_LoginTestFailAccount - Before class executed
[2025-12-13 20:15:26] [INFO ] TC04_LoginTestFailAccount - Before Method executed
[2025-12-13 20:15:26] [INFO ] TestListener - ===== START TEST: testinValidLogin =====
[2025-12-13 20:15:56] [INFO ] TopBarNavigation - click: By.xpath: //h3[text()='Đăng Nhập']
[2025-12-13 20:15:56] [INFO ] TopBarNavigation - waitForElementToBeClickable: By.xpath: //h3[text()='Đăng Nhập']
[2025-12-13 20:16:01] [INFO ] LoginPage - enterPassword: 123456
[2025-12-13 20:16:01] [INFO ] LoginPage - sendKeys: By.id: matKhau with 123456
[2025-12-13 20:16:01] [INFO ] LoginPage - waitForVisibilityOfElementLocated: By.id: matKhau
[2025-12-13 20:16:07] [INFO ] LoginPage - clickLogin
[2025-12-13 20:16:07] [INFO ] LoginPage - click: By.xpath: //button[.='Đăng nhập']
[2025-12-13 20:16:07] [INFO ] LoginPage - waitForElementToBeClickable: By.xpath: //button[.='Đăng nhập']
[2025-12-13 20:16:09] [INFO ] LoginPage - getMessageFailAccount
[2025-12-13 20:16:09] [INFO ] LoginPage - getText: By.xpath: //p[@id='taiKhoan-helper-text']
[2025-12-13 20:16:09] [INFO ] LoginPage - waitForVisibilityOfElementLocated: By.xpath: //p[@id='taiKhoan-helper-text']
[2025-12-13 20:16:11] [INFO ] TestListener - ===== PASSED TEST: testinValidLogin =====
[2025-12-13 20:16:11] [INFO ] TC04_LoginTestFailAccount - After Method executed
[2025-12-13 20:16:11] [INFO ] TC04_LoginTestFailAccount - After class executed
[2025-12-13 20:16:12] [INFO ] TestListener - >>> FINISH TEST SUITE: Register Test
[2025-12-13 20:16:13] [INFO ] TC01_RegisterTest - Test Suite completed
[2025-12-13 20:16:27] [INFO ] TC01_RegisterTest - Before Suite executed
[2025-12-13 20:16:28] [INFO ] TestListener - >>> START TEST SUITE: Register Test
[2025-12-13 20:16:28] [INFO ] TC04_LoginTestFailAccount - Before class executed
[2025-12-13 20:16:30] [INFO ] TC04_LoginTestFailAccount - Before Method executed
[2025-12-13 20:16:30] [INFO ] TestListener - ===== START TEST: testinValidLogin =====
[2025-12-13 20:16:31] [INFO ] TopBarNavigation - click: By.xpath: //h3[text()='Đăng Nhập']
[2025-12-13 20:16:31] [INFO ] TopBarNavigation - waitForElementToBeClickable: By.xpath: //h3[text()='Đăng Nhập']
[2025-12-13 20:16:32] [INFO ] LoginPage - enterPassword: 123456
[2025-12-13 20:16:32] [INFO ] LoginPage - sendKeys: By.id: matKhau with 123456
[2025-12-13 20:16:32] [INFO ] LoginPage - waitForVisibilityOfElementLocated: By.id: matKhau
[2025-12-13 20:16:32] [INFO ] LoginPage - clickLogin
[2025-12-13 20:16:32] [INFO ] LoginPage - click: By.xpath: //button[.='Đăng nhập']
[2025-12-13 20:16:32] [INFO ] LoginPage - waitForElementToBeClickable: By.xpath: //button[.='Đăng nhập']
[2025-12-13 20:16:32] [INFO ] LoginPage - getMessageFailAccount
[2025-12-13 20:16:32] [INFO ] LoginPage - getText: By.xpath: //p[@id='taiKhoan-helper-text']
[2025-12-13 20:16:32] [INFO ] LoginPage - waitForVisibilityOfElementLocated: By.xpath: //p[@id='taiKhoan-helper-text']
[2025-12-13 20:16:32] [INFO ] TestListener - ===== PASSED TEST: testinValidLogin =====
[2025-12-13 20:16:32] [INFO ] TC04_LoginTestFailAccount - After Method executed
[2025-12-13 20:16:32] [INFO ] TC04_LoginTestFailAccount - After class executed
[2025-12-13 20:16:32] [INFO ] TestListener - >>> FINISH TEST SUITE: Register Test
[2025-12-13 20:16:33] [INFO ] TC01_RegisterTest - Test Suite completed
[2025-12-13 20:16:39] [INFO ] TC01_RegisterTest - Before Suite executed
[2025-12-13 20:16:39] [INFO ] TestListener - >>> START TEST SUITE: Register Test
[2025-12-13 20:16:39] [INFO ] TC04_LoginTestFailAccount - Before class executed
[2025-12-13 20:16:41] [INFO ] TC04_LoginTestFailAccount - Before Method executed
[2025-12-13 20:16:41] [INFO ] TestListener - ===== START TEST: testinValidLogin =====
[2025-12-13 20:16:41] [INFO ] TopBarNavigation - click: By.xpath: //h3[text()='Đăng Nhập']
[2025-12-13 20:16:41] [INFO ] TopBarNavigation - waitForElementToBeClickable: By.xpath: //h3[text()='Đăng Nhập']
[2025-12-13 20:16:43] [INFO ] LoginPage - enterPassword: 123456
[2025-12-13 20:16:43] [INFO ] LoginPage - sendKeys: By.id: matKhau with 123456
[2025-12-13 20:16:43] [INFO ] LoginPage - waitForVisibilityOfElementLocated: By.id: matKhau
[2025-12-13 20:16:44] [INFO ] LoginPage - clickLogin
[2025-12-13 20:16:44] [INFO ] LoginPage - click: By.xpath: //button[.='Đăng nhập']
[2025-12-13 20:16:44] [INFO ] LoginPage - waitForElementToBeClickable: By.xpath: //button[.='Đăng nhập']
[2025-12-13 20:16:44] [INFO ] LoginPage - getMessageFailAccount
[2025-12-13 20:16:44] [INFO ] LoginPage - getText: By.xpath: //p[@id='taiKhoan-helper-text']
[2025-12-13 20:16:44] [INFO ] LoginPage - waitForVisibilityOfElementLocated: By.xpath: //p[@id='taiKhoan-helper-text']
[2025-12-13 20:16:44] [INFO ] TestListener - ===== PASSED TEST: testinValidLogin =====
[2025-12-13 20:16:44] [INFO ] TC04_LoginTestFailAccount - After Method executed
[2025-12-13 20:16:44] [INFO ] TC04_LoginTestFailAccount - After class executed
[2025-12-13 20:16:44] [INFO ] TestListener - >>> FINISH TEST SUITE: Register Test
[2025-12-13 20:16:45] [INFO ] TC01_RegisterTest - Test Suite completed
